  [1m[35m (0.2ms)[0m  [1m[34mSELECT pg_try_advisory_lock(4383024509120929350)[0m
  [1m[36mActiveRecord::SchemaMigration Pluck (1.5ms)[0m  [1m[34mSELECT "schema_migrations"."version" FROM "schema_migrations" ORDER BY "schema_migrations"."version" ASC[0m
Migrating to CreateTeas (20240516141025)
  [1m[36mTRANSACTION (0.2ms)[0m  [1m[35mBEGIN[0m
  [1m[35m (8.1ms)[0m  [1m[35mCREATE TABLE "teas" ("id" bigserial primary key, "flavor" character varying NOT NULL, "price" float NOT NULL, "description" character varying, "created_at" timestamp(6) NOT NULL, "updated_at" timestamp(6) NOT NULL)[0m
  [1m[36mTRANSACTION (0.1ms)[0m  [1m[31mROLLBACK[0m
  [1m[35m (0.3ms)[0m  [1m[34mSELECT pg_advisory_unlock(4383024509120929350)[0m
  [1m[36mActiveRecord::SchemaMigration Pluck (0.9ms)[0m  [1m[34mSELECT "schema_migrations"."version" FROM "schema_migrations" ORDER BY "schema_migrations"."version" ASC[0m
  [1m[36mActiveRecord::InternalMetadata Pluck (0.7ms)[0m  [1m[34mSELECT "ar_internal_metadata"."value" FROM "ar_internal_metadata" WHERE "ar_internal_metadata"."key" = $1 LIMIT $2[0m  [["key", "environment"], ["LIMIT", 1]]
  [1m[36mActiveRecord::SchemaMigration Pluck (0.2ms)[0m  [1m[34mSELECT "schema_migrations"."version" FROM "schema_migrations" ORDER BY "schema_migrations"."version" ASC[0m
  [1m[36mActiveRecord::InternalMetadata Pluck (0.2ms)[0m  [1m[34mSELECT "ar_internal_metadata"."value" FROM "ar_internal_metadata" WHERE "ar_internal_metadata"."key" = $1 LIMIT $2[0m  [["key", "environment"], ["LIMIT", 1]]
  [1m[36mActiveRecord::SchemaMigration Pluck (0.2ms)[0m  [1m[34mSELECT "schema_migrations"."version" FROM "schema_migrations" ORDER BY "schema_migrations"."version" ASC[0m
  [1m[36mActiveRecord::InternalMetadata Pluck (0.2ms)[0m  [1m[34mSELECT "ar_internal_metadata"."value" FROM "ar_internal_metadata" WHERE "ar_internal_metadata"."key" = $1 LIMIT $2[0m  [["key", "environment"], ["LIMIT", 1]]
  [1m[35m (47.4ms)[0m  [1m[35mDROP DATABASE IF EXISTS "TeaTime_development"[0m
  [1m[35m (44.5ms)[0m  [1m[35mDROP DATABASE IF EXISTS "TeaTime_test"[0m
  [1m[35m (190.3ms)[0m  [1m[35mCREATE DATABASE "TeaTime_development" ENCODING = 'unicode'[0m
  [1m[35m (99.0ms)[0m  [1m[35mCREATE DATABASE "TeaTime_test" ENCODING = 'unicode'[0m
  [1m[35m (7.8ms)[0m  [1m[35mCREATE TABLE "schema_migrations" ("version" character varying NOT NULL PRIMARY KEY)[0m
  [1m[35m (4.1ms)[0m  [1m[35mCREATE TABLE "ar_internal_metadata" ("key" character varying NOT NULL PRIMARY KEY, "value" character varying, "created_at" timestamp(6) NOT NULL, "updated_at" timestamp(6) NOT NULL)[0m
  [1m[35m (0.4ms)[0m  [1m[34mSELECT pg_try_advisory_lock(4383024509120929350)[0m
  [1m[36mActiveRecord::SchemaMigration Pluck (0.5ms)[0m  [1m[34mSELECT "schema_migrations"."version" FROM "schema_migrations" ORDER BY "schema_migrations"."version" ASC[0m
Migrating to CreateTeas (20240516141025)
  [1m[36mTRANSACTION (0.1ms)[0m  [1m[35mBEGIN[0m
  [1m[35m (5.2ms)[0m  [1m[35mCREATE TABLE "teas" ("id" bigserial primary key, "flavor" character varying NOT NULL, "price" float NOT NULL, "description" character varying, "created_at" timestamp(6) NOT NULL, "updated_at" timestamp(6) NOT NULL)[0m
  [1m[35m (1.1ms)[0m  [1m[35mCREATE UNIQUE INDEX "index_teas_on_flavor" ON "teas" ("flavor")[0m
  [1m[36mActiveRecord::SchemaMigration Create (0.6ms)[0m  [1m[32mINSERT INTO "schema_migrations" ("version") VALUES ($1) RETURNING "version"[0m  [["version", "20240516141025"]]
  [1m[36mTRANSACTION (0.6ms)[0m  [1m[35mCOMMIT[0m
Migrating to CreateUsers (20240516141057)
  [1m[36mTRANSACTION (0.7ms)[0m  [1m[35mBEGIN[0m
  [1m[35m (7.0ms)[0m  [1m[35mCREATE TABLE "users" ("id" bigserial primary key, "username" character varying NOT NULL, "created_at" timestamp(6) NOT NULL, "updated_at" timestamp(6) NOT NULL)[0m
  [1m[35m (2.0ms)[0m  [1m[35mCREATE UNIQUE INDEX "index_users_on_username" ON "users" ("username")[0m
  [1m[36mActiveRecord::SchemaMigration Create (0.3ms)[0m  [1m[32mINSERT INTO "schema_migrations" ("version") VALUES ($1) RETURNING "version"[0m  [["version", "20240516141057"]]
  [1m[36mTRANSACTION (0.5ms)[0m  [1m[35mCOMMIT[0m
Migrating to CreateTransactions (20240516141111)
  [1m[36mTRANSACTION (0.3ms)[0m  [1m[35mBEGIN[0m
  [1m[35m (7.4ms)[0m  [1m[35mCREATE TABLE "transactions" ("id" bigserial primary key, "quantity" integer NOT NULL, "user_id" bigint NOT NULL, "tea_id" bigint NOT NULL, "created_at" timestamp(6) NOT NULL, "updated_at" timestamp(6) NOT NULL, CONSTRAINT "fk_rails_77364e6416"
FOREIGN KEY ("user_id")
  REFERENCES "users" ("id")
, CONSTRAINT "fk_rails_d165608510"
FOREIGN KEY ("tea_id")
  REFERENCES "teas" ("id")
)[0m
  [1m[35m (1.3ms)[0m  [1m[35mCREATE INDEX "index_transactions_on_user_id" ON "transactions" ("user_id")[0m
  [1m[35m (1.0ms)[0m  [1m[35mCREATE INDEX "index_transactions_on_tea_id" ON "transactions" ("tea_id")[0m
  [1m[36mActiveRecord::SchemaMigration Create (0.5ms)[0m  [1m[32mINSERT INTO "schema_migrations" ("version") VALUES ($1) RETURNING "version"[0m  [["version", "20240516141111"]]
  [1m[36mTRANSACTION (0.6ms)[0m  [1m[35mCOMMIT[0m
  [1m[36mActiveRecord::InternalMetadata Load (0.7ms)[0m  [1m[34mSELECT "ar_internal_metadata".* FROM "ar_internal_metadata" WHERE "ar_internal_metadata"."key" = $1 LIMIT $2[0m  [["key", "environment"], ["LIMIT", 1]]
  [1m[36mTRANSACTION (0.2ms)[0m  [1m[35mBEGIN[0m
  [1m[36mActiveRecord::InternalMetadata Create (1.3ms)[0m  [1m[32mINSERT INTO "ar_internal_metadata" ("key", "value", "created_at", "updated_at") VALUES ($1, $2, $3, $4) RETURNING "key"[0m  [["key", "environment"], ["value", "development"], ["created_at", "2024-05-16 14:17:47.606445"], ["updated_at", "2024-05-16 14:17:47.606445"]]
  [1m[36mTRANSACTION (0.6ms)[0m  [1m[35mCOMMIT[0m
  [1m[35m (0.5ms)[0m  [1m[34mSELECT pg_advisory_unlock(4383024509120929350)[0m
  [1m[36mActiveRecord::SchemaMigration Pluck (1.0ms)[0m  [1m[34mSELECT "schema_migrations"."version" FROM "schema_migrations" ORDER BY "schema_migrations"."version" ASC[0m
  [1m[36mActiveRecord::SchemaMigration Pluck (0.8ms)[0m  [1m[34mSELECT "schema_migrations"."version" FROM "schema_migrations" ORDER BY "schema_migrations"."version" ASC[0m
  [1m[36mTRANSACTION (0.1ms)[0m  [1m[35mBEGIN[0m
  [1m[36mTransaction Load (0.9ms)[0m  [1m[34mSELECT "transactions".* FROM "transactions"[0m
  [1m[36mUser Load (0.7ms)[0m  [1m[34mSELECT "users".* FROM "users"[0m
  [1m[36mTea Load (0.7ms)[0m  [1m[34mSELECT "teas".* FROM "teas"[0m
  [1m[36mTea Exists? (0.8ms)[0m  [1m[34mSELECT 1 AS one FROM "teas" WHERE "teas"."flavor" = $1 LIMIT $2[0m  [["flavor", "Green"], ["LIMIT", 1]]
  [1m[36mTea Create (0.8ms)[0m  [1m[32mINSERT INTO "teas" ("flavor", "price", "description", "created_at", "updated_at") VALUES ($1, $2, $3, $4, $5) RETURNING "id"[0m  [["flavor", "Green"], ["price", 1.75], ["description", "Green tea is a type of tea that is made from Camellia sinensis leaves and buds that have not undergone the same withering and oxidation process used to make oolong teas and black teas. Green tea originated in China, but its production and manufacture has spread to other countries in East Asia."], ["created_at", "2024-05-16 14:28:37.143830"], ["updated_at", "2024-05-16 14:28:37.143830"]]
  [1m[36mTea Exists? (0.3ms)[0m  [1m[34mSELECT 1 AS one FROM "teas" WHERE "teas"."flavor" = $1 LIMIT $2[0m  [["flavor", "Oolong"], ["LIMIT", 1]]
  [1m[36mTea Create (0.3ms)[0m  [1m[32mINSERT INTO "teas" ("flavor", "price", "description", "created_at", "updated_at") VALUES ($1, $2, $3, $4, $5) RETURNING "id"[0m  [["flavor", "Oolong"], ["price", 2.0], ["description", "Oolong tea is a type of tea that is sometimes called \"wulong\" (also pronounced \"oolong\") or \"black dragon\" tea. Oolong teas are semi-oxidized teas. They are sometimes called \"semi-fermented teas\" though this moniker is considered to be less technically correct than semi-oxidized teas. After the tea leaves are picked, they are rolled and allowed to oxidize. Oxidation produces floral notes that characterize many oolongs."], ["created_at", "2024-05-16 14:28:37.147709"], ["updated_at", "2024-05-16 14:28:37.147709"]]
  [1m[36mTea Exists? (0.3ms)[0m  [1m[34mSELECT 1 AS one FROM "teas" WHERE "teas"."flavor" = $1 LIMIT $2[0m  [["flavor", "Earl Grey"], ["LIMIT", 1]]
  [1m[36mTea Create (0.3ms)[0m  [1m[32mINSERT INTO "teas" ("flavor", "price", "description", "created_at", "updated_at") VALUES ($1, $2, $3, $4, $5) RETURNING "id"[0m  [["flavor", "Earl Grey"], ["price", 2.5], ["description", "Earl Grey tea is a tea blend which has been flavoured with the addition of oil of bergamot. The rind's fragrant oil is added to black tea to give Earl Grey its unique taste. Traditionally, Earl Grey was made from black teas such as China keemun and therefore intended to be drunk without milk. However, tea companies have since begun to offer Earl Grey based upon stronger teas such as Ceylons which are better suited to the addition of milk or cream. Other varieties have been introduced as well, such as green or oolong."], ["created_at", "2024-05-16 14:28:37.150304"], ["updated_at", "2024-05-16 14:28:37.150304"]]
  [1m[36mTea Exists? (0.3ms)[0m  [1m[34mSELECT 1 AS one FROM "teas" WHERE "teas"."flavor" = $1 LIMIT $2[0m  [["flavor", "Rooibos"], ["LIMIT", 1]]
  [1m[36mTea Create (0.6ms)[0m  [1m[32mINSERT INTO "teas" ("flavor", "price", "description", "created_at", "updated_at") VALUES ($1, $2, $3, $4, $5) RETURNING "id"[0m  [["flavor", "Rooibos"], ["price", 3.0], ["description", "Rooibos (/ËˆrÉ”ÉªbÉ’s/ ROY-boss; Afrikaans: [rÉ”ËibÉ”s]; Aspalathus linearis), meaning 'red bush'; is a broom-like member of the plant family Fabaceae that grows in South Africa's fynbos. The leaves are used to make a herbal tea that is called by the names: rooibos (especially in Southern Africa), bush tea, red tea, or redbush tea (predominantly in Great Britain). The tea has been popular in Southern Africa for generations, but is now consumed in many countries worldwide. It is sometimes spelled rooibosch in accordance with the original Dutch for 'red bush'. The tea has a taste and color somewhat similar to hibiscus tea, with more or less of an earthy flavor like yerba mate."], ["created_at", "2024-05-16 14:28:37.153300"], ["updated_at", "2024-05-16 14:28:37.153300"]]
  [1m[36mUser Exists? (0.4ms)[0m  [1m[34mSELECT 1 AS one FROM "users" WHERE "users"."username" = $1 LIMIT $2[0m  [["username", "madz"], ["LIMIT", 1]]
  [1m[36mUser Create (0.5ms)[0m  [1m[32mINSERT INTO "users" ("username", "created_at", "updated_at") VALUES ($1, $2, $3) RETURNING "id"[0m  [["username", "madz"], ["created_at", "2024-05-16 14:28:37.166263"], ["updated_at", "2024-05-16 14:28:37.166263"]]
  [1m[36mUser Exists? (0.3ms)[0m  [1m[34mSELECT 1 AS one FROM "users" WHERE "users"."username" = $1 LIMIT $2[0m  [["username", "papi"], ["LIMIT", 1]]
  [1m[36mUser Create (0.3ms)[0m  [1m[32mINSERT INTO "users" ("username", "created_at", "updated_at") VALUES ($1, $2, $3) RETURNING "id"[0m  [["username", "papi"], ["created_at", "2024-05-16 14:28:37.169435"], ["updated_at", "2024-05-16 14:28:37.169435"]]
  [1m[36mUser Exists? (0.3ms)[0m  [1m[34mSELECT 1 AS one FROM "users" WHERE "users"."username" = $1 LIMIT $2[0m  [["username", "kriz"], ["LIMIT", 1]]
  [1m[36mUser Create (0.6ms)[0m  [1m[32mINSERT INTO "users" ("username", "created_at", "updated_at") VALUES ($1, $2, $3) RETURNING "id"[0m  [["username", "kriz"], ["created_at", "2024-05-16 14:28:37.173107"], ["updated_at", "2024-05-16 14:28:37.173107"]]
  [1m[36mUser Exists? (0.4ms)[0m  [1m[34mSELECT 1 AS one FROM "users" WHERE "users"."username" = $1 LIMIT $2[0m  [["username", "abz"], ["LIMIT", 1]]
  [1m[36mUser Create (0.5ms)[0m  [1m[32mINSERT INTO "users" ("username", "created_at", "updated_at") VALUES ($1, $2, $3) RETURNING "id"[0m  [["username", "abz"], ["created_at", "2024-05-16 14:28:37.178051"], ["updated_at", "2024-05-16 14:28:37.178051"]]
  [1m[36mUser Exists? (0.3ms)[0m  [1m[34mSELECT 1 AS one FROM "users" WHERE "users"."username" = $1 LIMIT $2[0m  [["username", "darude"], ["LIMIT", 1]]
  [1m[36mUser Create (0.9ms)[0m  [1m[32mINSERT INTO "users" ("username", "created_at", "updated_at") VALUES ($1, $2, $3) RETURNING "id"[0m  [["username", "darude"], ["created_at", "2024-05-16 14:28:37.188628"], ["updated_at", "2024-05-16 14:28:37.188628"]]
  [1m[36mUser Exists? (0.4ms)[0m  [1m[34mSELECT 1 AS one FROM "users" WHERE "users"."username" = $1 LIMIT $2[0m  [["username", "didi"], ["LIMIT", 1]]
  [1m[36mUser Create (0.6ms)[0m  [1m[32mINSERT INTO "users" ("username", "created_at", "updated_at") VALUES ($1, $2, $3) RETURNING "id"[0m  [["username", "didi"], ["created_at", "2024-05-16 14:28:37.193375"], ["updated_at", "2024-05-16 14:28:37.193375"]]
  [1m[36mUser Exists? (0.5ms)[0m  [1m[34mSELECT 1 AS one FROM "users" WHERE "users"."username" = $1 LIMIT $2[0m  [["username", "taytay"], ["LIMIT", 1]]
  [1m[36mUser Create (0.4ms)[0m  [1m[32mINSERT INTO "users" ("username", "created_at", "updated_at") VALUES ($1, $2, $3) RETURNING "id"[0m  [["username", "taytay"], ["created_at", "2024-05-16 14:28:37.198447"], ["updated_at", "2024-05-16 14:28:37.198447"]]
  [1m[36mUser Exists? (0.3ms)[0m  [1m[34mSELECT 1 AS one FROM "users" WHERE "users"."username" = $1 LIMIT $2[0m  [["username", "diz"], ["LIMIT", 1]]
  [1m[36mUser Create (0.3ms)[0m  [1m[32mINSERT INTO "users" ("username", "created_at", "updated_at") VALUES ($1, $2, $3) RETURNING "id"[0m  [["username", "diz"], ["created_at", "2024-05-16 14:28:37.201354"], ["updated_at", "2024-05-16 14:28:37.201354"]]
  [1m[36mTea Load (0.4ms)[0m  [1m[34mSELECT "teas".* FROM "teas" WHERE "teas"."id" = $1 LIMIT $2[0m  [["id", 1], ["LIMIT", 1]]
  [1m[36mUser Load (0.3ms)[0m  [1m[34mSELECT "users".* FROM "users" WHERE "users"."id" = $1 LIMIT $2[0m  [["id", 2], ["LIMIT", 1]]
  [1m[36mTransaction Create (1.3ms)[0m  [1m[32mINSERT INTO "transactions" ("quantity", "user_id", "tea_id", "created_at", "updated_at") VALUES ($1, $2, $3, $4, $5) RETURNING "id"[0m  [["quantity", 1], ["user_id", 2], ["tea_id", 1], ["created_at", "2024-05-16 14:28:37.229850"], ["updated_at", "2024-05-16 14:28:37.229850"]]
  [1m[36mTea Load (0.2ms)[0m  [1m[34mSELECT "teas".* FROM "teas" WHERE "teas"."id" = $1 LIMIT $2[0m  [["id", 1], ["LIMIT", 1]]
  [1m[36mUser Load (0.2ms)[0m  [1m[34mSELECT "users".* FROM "users" WHERE "users"."id" = $1 LIMIT $2[0m  [["id", 3], ["LIMIT", 1]]
  [1m[36mTransaction Create (0.5ms)[0m  [1m[32mINSERT INTO "transactions" ("quantity", "user_id", "tea_id", "created_at", "updated_at") VALUES ($1, $2, $3, $4, $5) RETURNING "id"[0m  [["quantity", 2], ["user_id", 3], ["tea_id", 1], ["created_at", "2024-05-16 14:28:37.235647"], ["updated_at", "2024-05-16 14:28:37.235647"]]
  [1m[36mTea Load (0.3ms)[0m  [1m[34mSELECT "teas".* FROM "teas" WHERE "teas"."id" = $1 LIMIT $2[0m  [["id", 1], ["LIMIT", 1]]
  [1m[36mUser Load (0.3ms)[0m  [1m[34mSELECT "users".* FROM "users" WHERE "users"."id" = $1 LIMIT $2[0m  [["id", 4], ["LIMIT", 1]]
  [1m[36mTransaction Create (0.5ms)[0m  [1m[32mINSERT INTO "transactions" ("quantity", "user_id", "tea_id", "created_at", "updated_at") VALUES ($1, $2, $3, $4, $5) RETURNING "id"[0m  [["quantity", 1], ["user_id", 4], ["tea_id", 1], ["created_at", "2024-05-16 14:28:37.241565"], ["updated_at", "2024-05-16 14:28:37.241565"]]
  [1m[36mTea Load (0.4ms)[0m  [1m[34mSELECT "teas".* FROM "teas" WHERE "teas"."id" = $1 LIMIT $2[0m  [["id", 1], ["LIMIT", 1]]
  [1m[36mUser Load (0.4ms)[0m  [1m[34mSELECT "users".* FROM "users" WHERE "users"."id" = $1 LIMIT $2[0m  [["id", 3], ["LIMIT", 1]]
  [1m[36mTransaction Create (0.5ms)[0m  [1m[32mINSERT INTO "transactions" ("quantity", "user_id", "tea_id", "created_at", "updated_at") VALUES ($1, $2, $3, $4, $5) RETURNING "id"[0m  [["quantity", 3], ["user_id", 3], ["tea_id", 1], ["created_at", "2024-05-16 14:28:37.247748"], ["updated_at", "2024-05-16 14:28:37.247748"]]
  [1m[36mTea Load (0.2ms)[0m  [1m[34mSELECT "teas".* FROM "teas" WHERE "teas"."id" = $1 LIMIT $2[0m  [["id", 2], ["LIMIT", 1]]
  [1m[36mUser Load (0.2ms)[0m  [1m[34mSELECT "users".* FROM "users" WHERE "users"."id" = $1 LIMIT $2[0m  [["id", 1], ["LIMIT", 1]]
  [1m[36mTransaction Create (1.0ms)[0m  [1m[32mINSERT INTO "transactions" ("quantity", "user_id", "tea_id", "created_at", "updated_at") VALUES ($1, $2, $3, $4, $5) RETURNING "id"[0m  [["quantity", 1], ["user_id", 1], ["tea_id", 2], ["created_at", "2024-05-16 14:28:37.253143"], ["updated_at", "2024-05-16 14:28:37.253143"]]
  [1m[36mTea Load (0.6ms)[0m  [1m[34mSELECT "teas".* FROM "teas" WHERE "teas"."id" = $1 LIMIT $2[0m  [["id", 2], ["LIMIT", 1]]
  [1m[36mUser Load (0.4ms)[0m  [1m[34mSELECT "users".* FROM "users" WHERE "users"."id" = $1 LIMIT $2[0m  [["id", 5], ["LIMIT", 1]]
  [1m[36mTransaction Create (0.8ms)[0m  [1m[32mINSERT INTO "transactions" ("quantity", "user_id", "tea_id", "created_at", "updated_at") VALUES ($1, $2, $3, $4, $5) RETURNING "id"[0m  [["quantity", 1], ["user_id", 5], ["tea_id", 2], ["created_at", "2024-05-16 14:28:37.261231"], ["updated_at", "2024-05-16 14:28:37.261231"]]
  [1m[36mTea Load (0.2ms)[0m  [1m[34mSELECT "teas".* FROM "teas" WHERE "teas"."id" = $1 LIMIT $2[0m  [["id", 2], ["LIMIT", 1]]
  [1m[36mUser Load (0.1ms)[0m  [1m[34mSELECT "users".* FROM "users" WHERE "users"."id" = $1 LIMIT $2[0m  [["id", 1], ["LIMIT", 1]]
  [1m[36mTransaction Create (0.4ms)[0m  [1m[32mINSERT INTO "transactions" ("quantity", "user_id", "tea_id", "created_at", "updated_at") VALUES ($1, $2, $3, $4, $5) RETURNING "id"[0m  [["quantity", 5], ["user_id", 1], ["tea_id", 2], ["created_at", "2024-05-16 14:28:37.266294"], ["updated_at", "2024-05-16 14:28:37.266294"]]
  [1m[36mTea Load (0.2ms)[0m  [1m[34mSELECT "teas".* FROM "teas" WHERE "teas"."id" = $1 LIMIT $2[0m  [["id", 2], ["LIMIT", 1]]
  [1m[36mUser Load (0.2ms)[0m  [1m[34mSELECT "users".* FROM "users" WHERE "users"."id" = $1 LIMIT $2[0m  [["id", 1], ["LIMIT", 1]]
  [1m[36mTransaction Create (0.4ms)[0m  [1m[32mINSERT INTO "transactions" ("quantity", "user_id", "tea_id", "created_at", "updated_at") VALUES ($1, $2, $3, $4, $5) RETURNING "id"[0m  [["quantity", 3], ["user_id", 1], ["tea_id", 2], ["created_at", "2024-05-16 14:28:37.270679"], ["updated_at", "2024-05-16 14:28:37.270679"]]
  [1m[36mTea Load (0.3ms)[0m  [1m[34mSELECT "teas".* FROM "teas" WHERE "teas"."id" = $1 LIMIT $2[0m  [["id", 2], ["LIMIT", 1]]
  [1m[36mUser Load (0.2ms)[0m  [1m[34mSELECT "users".* FROM "users" WHERE "users"."id" = $1 LIMIT $2[0m  [["id", 1], ["LIMIT", 1]]
  [1m[36mTransaction Create (0.5ms)[0m  [1m[32mINSERT INTO "transactions" ("quantity", "user_id", "tea_id", "created_at", "updated_at") VALUES ($1, $2, $3, $4, $5) RETURNING "id"[0m  [["quantity", 2], ["user_id", 1], ["tea_id", 2], ["created_at", "2024-05-16 14:28:37.276058"], ["updated_at", "2024-05-16 14:28:37.276058"]]
  [1m[36mTea Load (0.2ms)[0m  [1m[34mSELECT "teas".* FROM "teas" WHERE "teas"."id" = $1 LIMIT $2[0m  [["id", 2], ["LIMIT", 1]]
  [1m[36mUser Load (0.2ms)[0m  [1m[34mSELECT "users".* FROM "users" WHERE "users"."id" = $1 LIMIT $2[0m  [["id", 6], ["LIMIT", 1]]
  [1m[36mTransaction Create (0.4ms)[0m  [1m[32mINSERT INTO "transactions" ("quantity", "user_id", "tea_id", "created_at", "updated_at") VALUES ($1, $2, $3, $4, $5) RETURNING "id"[0m  [["quantity", 1], ["user_id", 6], ["tea_id", 2], ["created_at", "2024-05-16 14:28:37.281587"], ["updated_at", "2024-05-16 14:28:37.281587"]]
  [1m[36mTea Load (0.2ms)[0m  [1m[34mSELECT "teas".* FROM "teas" WHERE "teas"."id" = $1 LIMIT $2[0m  [["id", 3], ["LIMIT", 1]]
  [1m[36mUser Load (0.2ms)[0m  [1m[34mSELECT "users".* FROM "users" WHERE "users"."id" = $1 LIMIT $2[0m  [["id", 6], ["LIMIT", 1]]
  [1m[36mTransaction Create (0.4ms)[0m  [1m[32mINSERT INTO "transactions" ("quantity", "user_id", "tea_id", "created_at", "updated_at") VALUES ($1, $2, $3, $4, $5) RETURNING "id"[0m  [["quantity", 1], ["user_id", 6], ["tea_id", 3], ["created_at", "2024-05-16 14:28:37.285930"], ["updated_at", "2024-05-16 14:28:37.285930"]]
  [1m[36mTea Load (0.2ms)[0m  [1m[34mSELECT "teas".* FROM "teas" WHERE "teas"."id" = $1 LIMIT $2[0m  [["id", 3], ["LIMIT", 1]]
  [1m[36mUser Load (0.2ms)[0m  [1m[34mSELECT "users".* FROM "users" WHERE "users"."id" = $1 LIMIT $2[0m  [["id", 2], ["LIMIT", 1]]
  [1m[36mTransaction Create (1.0ms)[0m  [1m[32mINSERT INTO "transactions" ("quantity", "user_id", "tea_id", "created_at", "updated_at") VALUES ($1, $2, $3, $4, $5) RETURNING "id"[0m  [["quantity", 2], ["user_id", 2], ["tea_id", 3], ["created_at", "2024-05-16 14:28:37.291248"], ["updated_at", "2024-05-16 14:28:37.291248"]]
  [1m[36mTea Load (0.2ms)[0m  [1m[34mSELECT "teas".* FROM "teas" WHERE "teas"."id" = $1 LIMIT $2[0m  [["id", 3], ["LIMIT", 1]]
  [1m[36mUser Load (0.3ms)[0m  [1m[34mSELECT "users".* FROM "users" WHERE "users"."id" = $1 LIMIT $2[0m  [["id", 6], ["LIMIT", 1]]
  [1m[36mTransaction Create (0.5ms)[0m  [1m[32mINSERT INTO "transactions" ("quantity", "user_id", "tea_id", "created_at", "updated_at") VALUES ($1, $2, $3, $4, $5) RETURNING "id"[0m  [["quantity", 3], ["user_id", 6], ["tea_id", 3], ["created_at", "2024-05-16 14:28:37.298096"], ["updated_at", "2024-05-16 14:28:37.298096"]]
  [1m[36mTea Load (0.1ms)[0m  [1m[34mSELECT "teas".* FROM "teas" WHERE "teas"."id" = $1 LIMIT $2[0m  [["id", 3], ["LIMIT", 1]]
  [1m[36mUser Load (0.1ms)[0m  [1m[34mSELECT "users".* FROM "users" WHERE "users"."id" = $1 LIMIT $2[0m  [["id", 7], ["LIMIT", 1]]
  [1m[36mTransaction Create (0.5ms)[0m  [1m[32mINSERT INTO "transactions" ("quantity", "user_id", "tea_id", "created_at", "updated_at") VALUES ($1, $2, $3, $4, $5) RETURNING "id"[0m  [["quantity", 15], ["user_id", 7], ["tea_id", 3], ["created_at", "2024-05-16 14:28:37.302397"], ["updated_at", "2024-05-16 14:28:37.302397"]]
  [1m[36mTea Load (0.1ms)[0m  [1m[34mSELECT "teas".* FROM "teas" WHERE "teas"."id" = $1 LIMIT $2[0m  [["id", 3], ["LIMIT", 1]]
  [1m[36mUser Load (0.2ms)[0m  [1m[34mSELECT "users".* FROM "users" WHERE "users"."id" = $1 LIMIT $2[0m  [["id", 8], ["LIMIT", 1]]
  [1m[36mTransaction Create (0.4ms)[0m  [1m[32mINSERT INTO "transactions" ("quantity", "user_id", "tea_id", "created_at", "updated_at") VALUES ($1, $2, $3, $4, $5) RETURNING "id"[0m  [["quantity", 2], ["user_id", 8], ["tea_id", 3], ["created_at", "2024-05-16 14:28:37.306549"], ["updated_at", "2024-05-16 14:28:37.306549"]]
  [1m[36mTea Load (0.1ms)[0m  [1m[34mSELECT "teas".* FROM "teas" WHERE "teas"."id" = $1 LIMIT $2[0m  [["id", 4], ["LIMIT", 1]]
  [1m[36mUser Load (0.3ms)[0m  [1m[34mSELECT "users".* FROM "users" WHERE "users"."id" = $1 LIMIT $2[0m  [["id", 8], ["LIMIT", 1]]
  [1m[36mTransaction Create (0.9ms)[0m  [1m[32mINSERT INTO "transactions" ("quantity", "user_id", "tea_id", "created_at", "updated_at") VALUES ($1, $2, $3, $4, $5) RETURNING "id"[0m  [["quantity", 2], ["user_id", 8], ["tea_id", 4], ["created_at", "2024-05-16 14:28:37.311153"], ["updated_at", "2024-05-16 14:28:37.311153"]]
  [1m[36mTea Load (0.2ms)[0m  [1m[34mSELECT "teas".* FROM "teas" WHERE "teas"."id" = $1 LIMIT $2[0m  [["id", 4], ["LIMIT", 1]]
  [1m[36mUser Load (0.2ms)[0m  [1m[34mSELECT "users".* FROM "users" WHERE "users"."id" = $1 LIMIT $2[0m  [["id", 7], ["LIMIT", 1]]
  [1m[36mTransaction Create (0.5ms)[0m  [1m[32mINSERT INTO "transactions" ("quantity", "user_id", "tea_id", "created_at", "updated_at") VALUES ($1, $2, $3, $4, $5) RETURNING "id"[0m  [["quantity", 1], ["user_id", 7], ["tea_id", 4], ["created_at", "2024-05-16 14:28:37.316507"], ["updated_at", "2024-05-16 14:28:37.316507"]]
  [1m[36mTea Load (0.2ms)[0m  [1m[34mSELECT "teas".* FROM "teas" WHERE "teas"."id" = $1 LIMIT $2[0m  [["id", 4], ["LIMIT", 1]]
  [1m[36mUser Load (0.1ms)[0m  [1m[34mSELECT "users".* FROM "users" WHERE "users"."id" = $1 LIMIT $2[0m  [["id", 8], ["LIMIT", 1]]
  [1m[36mTransaction Create (0.4ms)[0m  [1m[32mINSERT INTO "transactions" ("quantity", "user_id", "tea_id", "created_at", "updated_at") VALUES ($1, $2, $3, $4, $5) RETURNING "id"[0m  [["quantity", 3], ["user_id", 8], ["tea_id", 4], ["created_at", "2024-05-16 14:28:37.320930"], ["updated_at", "2024-05-16 14:28:37.320930"]]
  [1m[36mTea Load (0.1ms)[0m  [1m[34mSELECT "teas".* FROM "teas" WHERE "teas"."id" = $1 LIMIT $2[0m  [["id", 4], ["LIMIT", 1]]
  [1m[36mUser Load (0.1ms)[0m  [1m[34mSELECT "users".* FROM "users" WHERE "users"."id" = $1 LIMIT $2[0m  [["id", 4], ["LIMIT", 1]]
  [1m[36mTransaction Create (0.4ms)[0m  [1m[32mINSERT INTO "transactions" ("quantity", "user_id", "tea_id", "created_at", "updated_at") VALUES ($1, $2, $3, $4, $5) RETURNING "id"[0m  [["quantity", 2], ["user_id", 4], ["tea_id", 4], ["created_at", "2024-05-16 14:28:37.324968"], ["updated_at", "2024-05-16 14:28:37.324968"]]
  [1m[36mTea Load (0.2ms)[0m  [1m[34mSELECT "teas".* FROM "teas" WHERE "teas"."id" = $1 LIMIT $2[0m  [["id", 4], ["LIMIT", 1]]
  [1m[36mUser Load (0.2ms)[0m  [1m[34mSELECT "users".* FROM "users" WHERE "users"."id" = $1 LIMIT $2[0m  [["id", 5], ["LIMIT", 1]]
  [1m[36mTransaction Create (0.4ms)[0m  [1m[32mINSERT INTO "transactions" ("quantity", "user_id", "tea_id", "created_at", "updated_at") VALUES ($1, $2, $3, $4, $5) RETURNING "id"[0m  [["quantity", 1], ["user_id", 5], ["tea_id", 4], ["created_at", "2024-05-16 14:28:37.329690"], ["updated_at", "2024-05-16 14:28:37.329690"]]
  [1m[36mTRANSACTION (0.7ms)[0m  [1m[35mCOMMIT[0m
Started GET "/api/teas" for ::1 at 2024-05-16 10:40:54 -0400
  [1m[36mActiveRecord::SchemaMigration Pluck (1.8ms)[0m  [1m[34mSELECT "schema_migrations"."version" FROM "schema_migrations" ORDER BY "schema_migrations"."version" ASC[0m
Processing by Api::TeasController#index as JSON
  [1m[36mTea Load (1.4ms)[0m  [1m[34mSELECT "teas".* FROM "teas"[0m
  â†³ app/controllers/api/teas_controller.rb:10:in `index'
Completed 200 OK in 23ms (Views: 8.2ms | ActiveRecord: 10.0ms | Allocations: 6394)


Started GET "/favicon.ico" for ::1 at 2024-05-16 10:40:54 -0400
  
ActionController::RoutingError (No route matches [GET] "/favicon.ico"):
  
Started GET "/api/teas/1" for ::1 at 2024-05-16 10:41:10 -0400
Processing by Api::TeasController#show as JSON
  Parameters: {"id"=>"1"}
  [1m[36mTea Load (0.3ms)[0m  [1m[34mSELECT "teas".* FROM "teas" WHERE "teas"."id" = $1 LIMIT $2[0m  [["id", 1], ["LIMIT", 1]]
  â†³ app/controllers/api/teas_controller.rb:4:in `show'
Completed 200 OK in 5ms (Views: 0.3ms | ActiveRecord: 0.5ms | Allocations: 3017)


Started GET "/api/teas" for ::1 at 2024-05-16 10:41:51 -0400
Processing by Api::TeasController#index as JSON
  [1m[36mTea Load (0.3ms)[0m  [1m[34mSELECT "teas".* FROM "teas"[0m
  â†³ app/controllers/api/teas_controller.rb:10:in `index'
Completed 200 OK in 2ms (Views: 2.0ms | ActiveRecord: 0.3ms | Allocations: 1008)


Started POST "/api/teas" for ::1 at 2024-05-16 10:45:01 -0400
Processing by Api::TeasController#create as JSON
  Parameters: {"tea"=>{"flavor"=>"mister", "price"=>"20", "description"=>"fancy tea"}}
  [1m[36mTRANSACTION (0.2ms)[0m  [1m[35mBEGIN[0m
  â†³ app/controllers/api/teas_controller.rb:15:in `create'
  [1m[36mTea Exists? (0.7ms)[0m  [1m[34mSELECT 1 AS one FROM "teas" WHERE "teas"."flavor" = $1 LIMIT $2[0m  [["flavor", "mister"], ["LIMIT", 1]]
  â†³ app/controllers/api/teas_controller.rb:15:in `create'
  [1m[36mTea Create (0.6ms)[0m  [1m[32mINSERT INTO "teas" ("flavor", "price", "description", "created_at", "updated_at") VALUES ($1, $2, $3, $4, $5) RETURNING "id"[0m  [["flavor", "mister"], ["price", 20.0], ["description", "fancy tea"], ["created_at", "2024-05-16 14:45:01.192811"], ["updated_at", "2024-05-16 14:45:01.192811"]]
  â†³ app/controllers/api/teas_controller.rb:15:in `create'
  [1m[36mTRANSACTION (0.6ms)[0m  [1m[35mCOMMIT[0m
  â†³ app/controllers/api/teas_controller.rb:15:in `create'
Completed 200 OK in 8ms (Views: 0.2ms | ActiveRecord: 2.1ms | Allocations: 3669)


Started GET "/api/teas" for ::1 at 2024-05-16 10:45:27 -0400
Processing by Api::TeasController#index as JSON
  Parameters: {"tea"=>{"flavor"=>"mister", "price"=>"20", "description"=>"fancy tea"}}
  [1m[36mTea Load (0.4ms)[0m  [1m[34mSELECT "teas".* FROM "teas"[0m
  â†³ app/controllers/api/teas_controller.rb:10:in `index'
Completed 200 OK in 3ms (Views: 2.2ms | ActiveRecord: 0.4ms | Allocations: 1082)


Started GET "/api/teas" for ::1 at 2024-05-16 10:47:49 -0400
  [1m[36mActiveRecord::SchemaMigration Pluck (0.9ms)[0m  [1m[34mSELECT "schema_migrations"."version" FROM "schema_migrations" ORDER BY "schema_migrations"."version" ASC[0m
Processing by Api::TeasController#index as JSON
  [1m[36mTea Load (0.8ms)[0m  [1m[34mSELECT "teas".* FROM "teas"[0m
  â†³ app/controllers/api/teas_controller.rb:10:in `index'
Completed 200 OK in 21ms (Views: 7.7ms | ActiveRecord: 8.6ms | Allocations: 6486)


Started GET "/api/teas" for ::1 at 2024-05-16 11:17:40 -0400
Processing by Api::TeasController#index as JSON
Completed 500 Internal Server Error in 10ms (ActiveRecord: 0.0ms | Allocations: 3151)



ActionView::MissingTemplate - Missing template api/teas/index, application/index with {:locale=>[:en], :formats=>[:json], :variants=>[], :handlers=>[:raw, :erb, :html, :builder, :ruby, :jbuilder]}.
Searched in::
  app/controllers/api/teas_controller.rb:11:in `index'

Started POST "/__better_errors/58df3df146a5087c/variables" for ::1 at 2024-05-16 11:17:40 -0400
  [1m[36mTea Load (1.1ms)[0m  [1m[34mSELECT "teas".* FROM "teas" /* loading for inspect */ LIMIT $1[0m  [["LIMIT", 11]]
  â†³ (eval):73:in `block in render_template'
Started GET "/api/teas" for ::1 at 2024-05-16 11:18:05 -0400
  [1m[36mActiveRecord::SchemaMigration Pluck (0.9ms)[0m  [1m[34mSELECT "schema_migrations"."version" FROM "schema_migrations" ORDER BY "schema_migrations"."version" ASC[0m
Processing by Api::TeasController#index as JSON
  Rendering api/teas/index.json.jbuilder
  [1m[36mTea Load (1.6ms)[0m  [1m[34mSELECT "teas".* FROM "teas"[0m
  â†³ app/views/api/teas/index.json.jbuilder:2
  Rendered api/teas/index.json.jbuilder (Duration: 19.2ms | Allocations: 4932)
Completed 200 OK in 35ms (Views: 21.8ms | ActiveRecord: 9.6ms | Allocations: 9902)


Started GET "/api/teas" for ::1 at 2024-05-16 11:20:42 -0400
Processing by Api::TeasController#index as JSON
  Rendering api/teas/index.json.jbuilder
  [1m[36mTea Load (0.4ms)[0m  [1m[34mSELECT "teas".* FROM "teas"[0m
  â†³ app/views/api/teas/index.json.jbuilder:2
  Rendered api/teas/index.json.jbuilder (Duration: 4.6ms | Allocations: 2104)
Completed 500 Internal Server Error in 6ms (ActiveRecord: 0.4ms | Allocations: 2616)



ArgumentError - wrong number of arguments (given 1, expected 0):
  app/views/api/teas/index.json.jbuilder:3
  app/views/api/teas/index.json.jbuilder:2
  app/controllers/api/teas_controller.rb:11:in `index'

Started POST "/__better_errors/965db1dfb918cda2/variables" for ::1 at 2024-05-16 11:20:42 -0400
Started GET "/api/teas" for ::1 at 2024-05-16 11:21:03 -0400
Processing by Api::TeasController#index as JSON
  Rendering api/teas/index.json.jbuilder
  [1m[36mTea Load (0.3ms)[0m  [1m[34mSELECT "teas".* FROM "teas"[0m
  â†³ app/views/api/teas/index.json.jbuilder:2
  Rendered api/teas/index.json.jbuilder (Duration: 2.3ms | Allocations: 803)
Completed 200 OK in 4ms (Views: 3.2ms | ActiveRecord: 0.3ms | Allocations: 1320)


Started GET "/api/teas" for ::1 at 2024-05-16 11:21:27 -0400
Processing by Api::TeasController#index as JSON
  Rendering api/teas/index.json.jbuilder
  [1m[36mTea Load (0.7ms)[0m  [1m[34mSELECT "teas".* FROM "teas"[0m
  â†³ app/views/api/teas/index.json.jbuilder:2
  Rendered api/teas/index.json.jbuilder (Duration: 4.1ms | Allocations: 811)
Completed 200 OK in 27ms (Views: 26.5ms | ActiveRecord: 0.7ms | Allocations: 1332)


Started GET "/api/teas" for ::1 at 2024-05-16 11:22:32 -0400
Processing by Api::TeasController#index as JSON
  Rendering api/teas/index.json.jbuilder
  [1m[36mTea Load (0.3ms)[0m  [1m[34mSELECT "teas".* FROM "teas"[0m
  â†³ app/views/api/teas/index.json.jbuilder:2
  Rendered api/teas/index.json.jbuilder (Duration: 2.4ms | Allocations: 856)
Completed 200 OK in 4ms (Views: 3.2ms | ActiveRecord: 0.3ms | Allocations: 1369)


Started GET "/api/teas/1" for ::1 at 2024-05-16 11:27:22 -0400
Processing by Api::TeasController#show as JSON
  Parameters: {"id"=>"1"}
  [1m[36mTea Load (0.3ms)[0m  [1m[34mSELECT "teas".* FROM "teas" WHERE "teas"."id" = $1 LIMIT $2[0m  [["id", 1], ["LIMIT", 1]]
  â†³ app/controllers/api/teas_controller.rb:4:in `show'
  Rendering api/teas/show.json.jbuilder
  Rendered api/teas/show.json.jbuilder (Duration: 0.4ms | Allocations: 122)
Completed 200 OK in 18ms (Views: 1.8ms | ActiveRecord: 5.8ms | Allocations: 5740)


Started GET "/api/teas" for ::1 at 2024-05-16 11:28:10 -0400
Processing by Api::TeasController#index as JSON
  Rendering api/teas/index.json.jbuilder
  [1m[36mTea Load (0.4ms)[0m  [1m[34mSELECT "teas".* FROM "teas"[0m
  â†³ app/views/api/teas/index.json.jbuilder:2
  Rendered api/teas/index.json.jbuilder (Duration: 2.5ms | Allocations: 925)
Completed 200 OK in 4ms (Views: 3.8ms | ActiveRecord: 0.4ms | Allocations: 1446)


Started GET "/api/teas" for ::1 at 2024-05-16 11:31:59 -0400
Processing by Api::TeasController#index as JSON
  Rendering api/teas/index.json.jbuilder
  [1m[36mTea Load (0.4ms)[0m  [1m[34mSELECT "teas".* FROM "teas"[0m
  â†³ app/views/api/teas/index.json.jbuilder:2
  Rendered api/teas/_tea.json.jbuilder (Duration: 0.3ms | Allocations: 79)
  Rendered api/teas/_tea.json.jbuilder (Duration: 0.0ms | Allocations: 18)
  Rendered api/teas/_tea.json.jbuilder (Duration: 0.0ms | Allocations: 18)
  Rendered api/teas/_tea.json.jbuilder (Duration: 0.0ms | Allocations: 18)
  Rendered api/teas/_tea.json.jbuilder (Duration: 0.0ms | Allocations: 17)
  Rendered api/teas/index.json.jbuilder (Duration: 3.5ms | Allocations: 1467)
Completed 200 OK in 5ms (Views: 4.3ms | ActiveRecord: 0.4ms | Allocations: 1980)


Started GET "/api/teas" for ::1 at 2024-05-16 11:32:01 -0400
Processing by Api::TeasController#index as JSON
  Rendering api/teas/index.json.jbuilder
  [1m[36mTea Load (0.3ms)[0m  [1m[34mSELECT "teas".* FROM "teas"[0m
  â†³ app/views/api/teas/index.json.jbuilder:2
  Rendered api/teas/_tea.json.jbuilder (Duration: 0.1ms | Allocations: 19)
  Rendered api/teas/_tea.json.jbuilder (Duration: 0.0ms | Allocations: 18)
  Rendered api/teas/_tea.json.jbuilder (Duration: 0.0ms | Allocations: 18)
  Rendered api/teas/_tea.json.jbuilder (Duration: 0.0ms | Allocations: 18)
  Rendered api/teas/_tea.json.jbuilder (Duration: 0.0ms | Allocations: 17)
  Rendered api/teas/index.json.jbuilder (Duration: 2.9ms | Allocations: 1191)
Completed 200 OK in 3ms (Views: 3.0ms | ActiveRecord: 0.3ms | Allocations: 1355)


Started GET "/api/teas/1" for ::1 at 2024-05-16 11:32:07 -0400
Processing by Api::TeasController#show as JSON
  Parameters: {"id"=>"1"}
  [1m[36mTea Load (0.5ms)[0m  [1m[34mSELECT "teas".* FROM "teas" WHERE "teas"."id" = $1 LIMIT $2[0m  [["id", 1], ["LIMIT", 1]]
  â†³ app/controllers/api/teas_controller.rb:4:in `show'
  Rendering api/teas/show.json.jbuilder
  Rendered api/teas/_tea.json.jbuilder (Duration: 0.1ms | Allocations: 18)
  Rendered api/teas/show.json.jbuilder (Duration: 0.6ms | Allocations: 199)
Completed 200 OK in 3ms (Views: 1.2ms | ActiveRecord: 0.5ms | Allocations: 861)


Started GET "/api/teas" for ::1 at 2024-05-16 11:33:51 -0400
Processing by Api::TeasController#index as JSON
  Parameters: {"tea"=>{"flavor"=>"bubble", "price"=>"10", "description"=>"bubble tea"}}
  Rendering api/teas/index.json.jbuilder
  [1m[36mTea Load (0.3ms)[0m  [1m[34mSELECT "teas".* FROM "teas"[0m
  â†³ app/views/api/teas/index.json.jbuilder:2
  Rendered api/teas/_tea.json.jbuilder (Duration: 0.1ms | Allocations: 19)
  Rendered api/teas/_tea.json.jbuilder (Duration: 0.0ms | Allocations: 18)
  Rendered api/teas/_tea.json.jbuilder (Duration: 0.0ms | Allocations: 18)
  Rendered api/teas/_tea.json.jbuilder (Duration: 0.0ms | Allocations: 18)
  Rendered api/teas/_tea.json.jbuilder (Duration: 0.1ms | Allocations: 17)
  Rendered api/teas/index.json.jbuilder (Duration: 2.7ms | Allocations: 1201)
Completed 200 OK in 3ms (Views: 2.8ms | ActiveRecord: 0.3ms | Allocations: 1373)


Started POST "/api/teas" for ::1 at 2024-05-16 11:34:03 -0400
Processing by Api::TeasController#create as JSON
  Parameters: {"tea"=>{"flavor"=>"bubble", "price"=>"10", "description"=>"bubble tea"}}
  [1m[36mTRANSACTION (0.1ms)[0m  [1m[35mBEGIN[0m
  â†³ app/controllers/api/teas_controller.rb:17:in `create'
  [1m[36mTea Exists? (0.6ms)[0m  [1m[34mSELECT 1 AS one FROM "teas" WHERE "teas"."flavor" = $1 LIMIT $2[0m  [["flavor", "bubble"], ["LIMIT", 1]]
  â†³ app/controllers/api/teas_controller.rb:17:in `create'
  [1m[36mTea Create (0.7ms)[0m  [1m[32mINSERT INTO "teas" ("flavor", "price", "description", "created_at", "updated_at") VALUES ($1, $2, $3, $4, $5) RETURNING "id"[0m  [["flavor", "bubble"], ["price", 10.0], ["description", "bubble tea"], ["created_at", "2024-05-16 15:34:03.413476"], ["updated_at", "2024-05-16 15:34:03.413476"]]
  â†³ app/controllers/api/teas_controller.rb:17:in `create'
  [1m[36mTRANSACTION (1.4ms)[0m  [1m[35mCOMMIT[0m
  â†³ app/controllers/api/teas_controller.rb:17:in `create'
  Rendering api/teas/show.json.jbuilder
  Rendered api/teas/_tea.json.jbuilder (Duration: 0.1ms | Allocations: 17)
  Rendered api/teas/show.json.jbuilder (Duration: 0.3ms | Allocations: 132)
Completed 200 OK in 10ms (Views: 0.8ms | ActiveRecord: 2.9ms | Allocations: 3842)


Started GET "/api/teas/1" for ::1 at 2024-05-16 11:34:33 -0400
Processing by Api::TeasController#show as JSON
  Parameters: {"id"=>"1"}
  [1m[36mTea Load (0.3ms)[0m  [1m[34mSELECT "teas".* FROM "teas" WHERE "teas"."id" = $1 LIMIT $2[0m  [["id", 1], ["LIMIT", 1]]
  â†³ app/controllers/api/teas_controller.rb:4:in `show'
  Rendering api/teas/show.json.jbuilder
  Rendered api/teas/_tea.json.jbuilder (Duration: 0.3ms | Allocations: 73)
  Rendered api/teas/show.json.jbuilder (Duration: 1.6ms | Allocations: 346)
Completed 200 OK in 5ms (Views: 3.0ms | ActiveRecord: 0.3ms | Allocations: 1301)


Started GET "/api/teas" for ::1 at 2024-05-16 11:34:35 -0400
Processing by Api::TeasController#index as JSON
  Rendering api/teas/index.json.jbuilder
  [1m[36mTea Load (0.4ms)[0m  [1m[34mSELECT "teas".* FROM "teas"[0m
  â†³ app/views/api/teas/index.json.jbuilder:2
  Rendered api/teas/_tea.json.jbuilder (Duration: 0.1ms | Allocations: 16)
  Rendered api/teas/_tea.json.jbuilder (Duration: 0.1ms | Allocations: 15)
  Rendered api/teas/_tea.json.jbuilder (Duration: 0.0ms | Allocations: 15)
  Rendered api/teas/_tea.json.jbuilder (Duration: 0.0ms | Allocations: 15)
  Rendered api/teas/_tea.json.jbuilder (Duration: 0.0ms | Allocations: 15)
  Rendered api/teas/_tea.json.jbuilder (Duration: 0.0ms | Allocations: 15)
  Rendered api/teas/index.json.jbuilder (Duration: 4.8ms | Allocations: 1364)
Completed 200 OK in 6ms (Views: 5.2ms | ActiveRecord: 0.4ms | Allocations: 1584)


Started GET "/api/teas/1" for ::1 at 2024-05-16 12:06:09 -0400
Processing by Api::TeasController#show as JSON
  Parameters: {"id"=>"1"}
  [1m[36mTea Load (1.1ms)[0m  [1m[34mSELECT "teas".* FROM "teas" WHERE "teas"."id" = $1 LIMIT $2[0m  [["id", 1], ["LIMIT", 1]]
  â†³ app/controllers/api/teas_controller.rb:4:in `show'
  Rendering api/teas/show.json.jbuilder
  Rendered api/teas/_tea.json.jbuilder (Duration: 1.0ms | Allocations: 77)
  Rendered api/teas/show.json.jbuilder (Duration: 3.7ms | Allocations: 381)
Completed 200 OK in 54ms (Views: 9.5ms | ActiveRecord: 13.2ms | Allocations: 4352)


Started GET "/api/teas/1" for ::1 at 2024-05-16 12:06:29 -0400
Processing by Api::TeasController#show as JSON
  Parameters: {"id"=>"1"}
  [1m[36mTea Load (0.3ms)[0m  [1m[34mSELECT "teas".* FROM "teas" WHERE "teas"."id" = $1 LIMIT $2[0m  [["id", 1], ["LIMIT", 1]]
  â†³ app/controllers/api/teas_controller.rb:4:in `show'
  Rendering api/teas/show.json.jbuilder
  Rendered api/teas/_tea.json.jbuilder (Duration: 0.4ms | Allocations: 77)
  Rendered api/teas/show.json.jbuilder (Duration: 1.6ms | Allocations: 393)
Completed 200 OK in 5ms (Views: 3.1ms | ActiveRecord: 0.3ms | Allocations: 1348)


Started GET "/api/teas/1" for ::1 at 2024-05-16 12:06:29 -0400
Processing by Api::TeasController#show as JSON
  Parameters: {"id"=>"1"}
  [1m[36mTea Load (0.5ms)[0m  [1m[34mSELECT "teas".* FROM "teas" WHERE "teas"."id" = $1 LIMIT $2[0m  [["id", 1], ["LIMIT", 1]]
  â†³ app/controllers/api/teas_controller.rb:4:in `show'
  Rendering api/teas/show.json.jbuilder
  Rendered api/teas/_tea.json.jbuilder (Duration: 0.1ms | Allocations: 19)
  Rendered api/teas/show.json.jbuilder (Duration: 0.8ms | Allocations: 150)
Completed 200 OK in 4ms (Views: 1.3ms | ActiveRecord: 0.5ms | Allocations: 756)


Started GET "/api/teas/1" for ::1 at 2024-05-16 12:06:30 -0400
Processing by Api::TeasController#show as JSON
  Parameters: {"id"=>"1"}
  [1m[36mTea Load (0.3ms)[0m  [1m[34mSELECT "teas".* FROM "teas" WHERE "teas"."id" = $1 LIMIT $2[0m  [["id", 1], ["LIMIT", 1]]
  â†³ app/controllers/api/teas_controller.rb:4:in `show'
  Rendering api/teas/show.json.jbuilder
  Rendered api/teas/_tea.json.jbuilder (Duration: 0.1ms | Allocations: 19)
  Rendered api/teas/show.json.jbuilder (Duration: 0.6ms | Allocations: 150)
Completed 200 OK in 3ms (Views: 1.2ms | ActiveRecord: 0.3ms | Allocations: 755)


Started GET "/api/teas/1" for ::1 at 2024-05-16 12:06:40 -0400
Processing by Api::TeasController#show as JSON
  Parameters: {"id"=>"1"}
  [1m[36mTea Load (0.3ms)[0m  [1m[34mSELECT "teas".* FROM "teas" WHERE "teas"."id" = $1 LIMIT $2[0m  [["id", 1], ["LIMIT", 1]]
  â†³ app/controllers/api/teas_controller.rb:4:in `show'
  Rendering api/teas/show.json.jbuilder
  Rendered api/teas/_tea.json.jbuilder (Duration: 0.3ms | Allocations: 77)
  Rendered api/teas/show.json.jbuilder (Duration: 1.4ms | Allocations: 422)
Completed 200 OK in 4ms (Views: 2.9ms | ActiveRecord: 0.3ms | Allocations: 1377)


Started GET "/api/teas/1" for ::1 at 2024-05-16 12:11:14 -0400
Processing by Api::TeasController#show as JSON
  Parameters: {"id"=>"1"}
  [1m[36mTea Load (0.3ms)[0m  [1m[34mSELECT "teas".* FROM "teas" WHERE "teas"."id" = $1 LIMIT $2[0m  [["id", 1], ["LIMIT", 1]]
  â†³ app/controllers/api/teas_controller.rb:4:in `show'
  Rendering api/teas/show.json.jbuilder
  Rendered api/teas/_tea.json.jbuilder (Duration: 0.6ms | Allocations: 77)
  [1m[36mTransaction Load (0.7ms)[0m  [1m[34mSELECT "transactions".* FROM "transactions" WHERE "transactions"."tea_id" = $1[0m  [["tea_id", 1]]
  â†³ app/views/api/teas/show.json.jbuilder:9
  Rendered api/teas/show.json.jbuilder (Duration: 99.6ms | Allocations: 11297)
Completed 200 OK in 103ms (Views: 86.9ms | ActiveRecord: 14.8ms | Allocations: 12253)


Started GET "/api/teas/1" for ::1 at 2024-05-16 12:11:36 -0400
Processing by Api::TeasController#show as JSON
  Parameters: {"id"=>"1"}
  [1m[36mTea Load (0.3ms)[0m  [1m[34mSELECT "teas".* FROM "teas" WHERE "teas"."id" = $1 LIMIT $2[0m  [["id", 1], ["LIMIT", 1]]
  â†³ app/controllers/api/teas_controller.rb:4:in `show'
  Rendering api/teas/show.json.jbuilder
  Rendered api/teas/_tea.json.jbuilder (Duration: 0.6ms | Allocations: 77)
  [1m[36mTransaction Load (0.5ms)[0m  [1m[34mSELECT "transactions".* FROM "transactions" WHERE "transactions"."tea_id" = $1[0m  [["tea_id", 1]]
  â†³ app/views/api/teas/show.json.jbuilder:9
  Rendered api/teas/show.json.jbuilder (Duration: 5.6ms | Allocations: 1288)
Completed 200 OK in 10ms (Views: 6.9ms | ActiveRecord: 0.7ms | Allocations: 2247)


Started GET "/api/teas/2" for ::1 at 2024-05-16 12:12:03 -0400
Processing by Api::TeasController#show as JSON
  Parameters: {"id"=>"2"}
  [1m[36mTea Load (0.2ms)[0m  [1m[34mSELECT "teas".* FROM "teas" WHERE "teas"."id" = $1 LIMIT $2[0m  [["id", 2], ["LIMIT", 1]]
  â†³ app/controllers/api/teas_controller.rb:4:in `show'
  Rendering api/teas/show.json.jbuilder
  Rendered api/teas/_tea.json.jbuilder (Duration: 0.1ms | Allocations: 19)
  [1m[36mTransaction Load (0.4ms)[0m  [1m[34mSELECT "transactions".* FROM "transactions" WHERE "transactions"."tea_id" = $1[0m  [["tea_id", 2]]
  â†³ app/views/api/teas/show.json.jbuilder:9
  Rendered api/teas/show.json.jbuilder (Duration: 3.6ms | Allocations: 1144)
Completed 200 OK in 6ms (Views: 3.7ms | ActiveRecord: 0.6ms | Allocations: 1750)


Started GET "/api/teas/3" for ::1 at 2024-05-16 12:12:06 -0400
Processing by Api::TeasController#show as JSON
  Parameters: {"id"=>"3"}
  [1m[36mTea Load (0.2ms)[0m  [1m[34mSELECT "teas".* FROM "teas" WHERE "teas"."id" = $1 LIMIT $2[0m  [["id", 3], ["LIMIT", 1]]
  â†³ app/controllers/api/teas_controller.rb:4:in `show'
  Rendering api/teas/show.json.jbuilder
  Rendered api/teas/_tea.json.jbuilder (Duration: 0.1ms | Allocations: 19)
  [1m[36mTransaction Load (0.3ms)[0m  [1m[34mSELECT "transactions".* FROM "transactions" WHERE "transactions"."tea_id" = $1[0m  [["tea_id", 3]]
  â†³ app/views/api/teas/show.json.jbuilder:9
  Rendered api/teas/show.json.jbuilder (Duration: 2.5ms | Allocations: 1087)
Completed 200 OK in 4ms (Views: 2.5ms | ActiveRecord: 0.5ms | Allocations: 1692)


Started GET "/api/teas/1" for ::1 at 2024-05-16 12:12:09 -0400
Processing by Api::TeasController#show as JSON
  Parameters: {"id"=>"1"}
  [1m[36mTea Load (0.3ms)[0m  [1m[34mSELECT "teas".* FROM "teas" WHERE "teas"."id" = $1 LIMIT $2[0m  [["id", 1], ["LIMIT", 1]]
  â†³ app/controllers/api/teas_controller.rb:4:in `show'
  Rendering api/teas/show.json.jbuilder
  Rendered api/teas/_tea.json.jbuilder (Duration: 0.1ms | Allocations: 19)
  [1m[36mTransaction Load (0.3ms)[0m  [1m[34mSELECT "transactions".* FROM "transactions" WHERE "transactions"."tea_id" = $1[0m  [["tea_id", 1]]
  â†³ app/views/api/teas/show.json.jbuilder:9
  Rendered api/teas/show.json.jbuilder (Duration: 2.6ms | Allocations: 1023)
Completed 200 OK in 5ms (Views: 2.7ms | ActiveRecord: 0.6ms | Allocations: 1628)


Started GET "/api/teas/1" for ::1 at 2024-05-16 12:15:15 -0400
Processing by Api::TeasController#show as JSON
  Parameters: {"id"=>"1"}
  [1m[36mTea Load (0.2ms)[0m  [1m[34mSELECT "teas".* FROM "teas" WHERE "teas"."id" = $1 LIMIT $2[0m  [["id", 1], ["LIMIT", 1]]
  â†³ app/controllers/api/teas_controller.rb:4:in `show'
  Rendering api/teas/show.json.jbuilder
  Rendered api/teas/_tea.json.jbuilder (Duration: 0.6ms | Allocations: 77)
  [1m[36mTransaction Load (0.4ms)[0m  [1m[34mSELECT "transactions".* FROM "transactions" WHERE "transactions"."tea_id" = $1[0m  [["tea_id", 1]]
  â†³ app/views/api/teas/show.json.jbuilder:9
  [1m[36mUser Load (0.7ms)[0m  [1m[34mSELECT "users".* FROM "users" WHERE "users"."id" = $1 LIMIT $2[0m  [["id", 2], ["LIMIT", 1]]
  â†³ app/views/api/teas/show.json.jbuilder:12
  [1m[36mUser Load (0.4ms)[0m  [1m[34mSELECT "users".* FROM "users" WHERE "users"."id" = $1 LIMIT $2[0m  [["id", 3], ["LIMIT", 1]]
  â†³ app/views/api/teas/show.json.jbuilder:12
  [1m[36mUser Load (0.5ms)[0m  [1m[34mSELECT "users".* FROM "users" WHERE "users"."id" = $1 LIMIT $2[0m  [["id", 4], ["LIMIT", 1]]
  â†³ app/views/api/teas/show.json.jbuilder:12
  [1m[36mCACHE User Load (0.0ms)[0m  [1m[34mSELECT "users".* FROM "users" WHERE "users"."id" = $1 LIMIT $2[0m  [["id", 3], ["LIMIT", 1]]
  â†³ app/views/api/teas/show.json.jbuilder:12
  Rendered api/teas/show.json.jbuilder (Duration: 25.1ms | Allocations: 8194)
Completed 200 OK in 28ms (Views: 20.3ms | ActiveRecord: 6.7ms | Allocations: 9149)


Started GET "/api/teas/2" for ::1 at 2024-05-16 12:15:34 -0400
Processing by Api::TeasController#show as JSON
  Parameters: {"id"=>"2"}
  [1m[36mTea Load (0.3ms)[0m  [1m[34mSELECT "teas".* FROM "teas" WHERE "teas"."id" = $1 LIMIT $2[0m  [["id", 2], ["LIMIT", 1]]
  â†³ app/controllers/api/teas_controller.rb:4:in `show'
  Rendering api/teas/show.json.jbuilder
  Rendered api/teas/_tea.json.jbuilder (Duration: 0.2ms | Allocations: 19)
  [1m[36mTransaction Load (0.4ms)[0m  [1m[34mSELECT "transactions".* FROM "transactions" WHERE "transactions"."tea_id" = $1[0m  [["tea_id", 2]]
  â†³ app/views/api/teas/show.json.jbuilder:9
  [1m[36mUser Load (0.6ms)[0m  [1m[34mSELECT "users".* FROM "users" WHERE "users"."id" = $1 LIMIT $2[0m  [["id", 1], ["LIMIT", 1]]
  â†³ app/views/api/teas/show.json.jbuilder:12
  [1m[36mUser Load (0.9ms)[0m  [1m[34mSELECT "users".* FROM "users" WHERE "users"."id" = $1 LIMIT $2[0m  [["id", 5], ["LIMIT", 1]]
  â†³ app/views/api/teas/show.json.jbuilder:12
  [1m[36mCACHE User Load (0.0ms)[0m  [1m[34mSELECT "users".* FROM "users" WHERE "users"."id" = $1 LIMIT $2[0m  [["id", 1], ["LIMIT", 1]]
  â†³ app/views/api/teas/show.json.jbuilder:12
  [1m[36mCACHE User Load (0.0ms)[0m  [1m[34mSELECT "users".* FROM "users" WHERE "users"."id" = $1 LIMIT $2[0m  [["id", 1], ["LIMIT", 1]]
  â†³ app/views/api/teas/show.json.jbuilder:12
  [1m[36mCACHE User Load (0.0ms)[0m  [1m[34mSELECT "users".* FROM "users" WHERE "users"."id" = $1 LIMIT $2[0m  [["id", 1], ["LIMIT", 1]]
  â†³ app/views/api/teas/show.json.jbuilder:12
  [1m[36mUser Load (0.4ms)[0m  [1m[34mSELECT "users".* FROM "users" WHERE "users"."id" = $1 LIMIT $2[0m  [["id", 6], ["LIMIT", 1]]
  â†³ app/views/api/teas/show.json.jbuilder:12
  Rendered api/teas/show.json.jbuilder (Duration: 15.8ms | Allocations: 4814)
Completed 200 OK in 18ms (Views: 13.9ms | ActiveRecord: 2.6ms | Allocations: 5420)


Started GET "/api/teas/5" for ::1 at 2024-05-16 12:15:41 -0400
Processing by Api::TeasController#show as JSON
  Parameters: {"id"=>"5"}
  [1m[36mTea Load (0.2ms)[0m  [1m[34mSELECT "teas".* FROM "teas" WHERE "teas"."id" = $1 LIMIT $2[0m  [["id", 5], ["LIMIT", 1]]
  â†³ app/controllers/api/teas_controller.rb:4:in `show'
  Rendering api/teas/show.json.jbuilder
  Rendered api/teas/_tea.json.jbuilder (Duration: 0.1ms | Allocations: 18)
  [1m[36mTransaction Load (0.5ms)[0m  [1m[34mSELECT "transactions".* FROM "transactions" WHERE "transactions"."tea_id" = $1[0m  [["tea_id", 5]]
  â†³ app/views/api/teas/show.json.jbuilder:9
  Rendered api/teas/show.json.jbuilder (Duration: 3.4ms | Allocations: 772)
Completed 200 OK in 6ms (Views: 3.4ms | ActiveRecord: 0.7ms | Allocations: 1377)


Started GET "/api/teas/1" for ::1 at 2024-05-16 12:15:59 -0400
Processing by Api::TeasController#show as JSON
  Parameters: {"id"=>"1"}
  [1m[36mTea Load (0.2ms)[0m  [1m[34mSELECT "teas".* FROM "teas" WHERE "teas"."id" = $1 LIMIT $2[0m  [["id", 1], ["LIMIT", 1]]
  â†³ app/controllers/api/teas_controller.rb:4:in `show'
  Rendering api/teas/show.json.jbuilder
  Rendered api/teas/_tea.json.jbuilder (Duration: 0.1ms | Allocations: 19)
  [1m[36mTransaction Load (0.2ms)[0m  [1m[34mSELECT "transactions".* FROM "transactions" WHERE "transactions"."tea_id" = $1[0m  [["tea_id", 1]]
  â†³ app/views/api/teas/show.json.jbuilder:9
  [1m[36mUser Load (0.2ms)[0m  [1m[34mSELECT "users".* FROM "users" WHERE "users"."id" = $1 LIMIT $2[0m  [["id", 2], ["LIMIT", 1]]
  â†³ app/views/api/teas/show.json.jbuilder:12
  [1m[36mUser Load (0.2ms)[0m  [1m[34mSELECT "users".* FROM "users" WHERE "users"."id" = $1 LIMIT $2[0m  [["id", 3], ["LIMIT", 1]]
  â†³ app/views/api/teas/show.json.jbuilder:12
  [1m[36mUser Load (0.2ms)[0m  [1m[34mSELECT "users".* FROM "users" WHERE "users"."id" = $1 LIMIT $2[0m  [["id", 4], ["LIMIT", 1]]
  â†³ app/views/api/teas/show.json.jbuilder:12
  [1m[36mCACHE User Load (0.0ms)[0m  [1m[34mSELECT "users".* FROM "users" WHERE "users"."id" = $1 LIMIT $2[0m  [["id", 3], ["LIMIT", 1]]
  â†³ app/views/api/teas/show.json.jbuilder:12
  Rendered api/teas/show.json.jbuilder (Duration: 8.0ms | Allocations: 3529)
Completed 200 OK in 10ms (Views: 7.7ms | ActiveRecord: 0.9ms | Allocations: 4134)


Started GET "/api/teas/1" for ::1 at 2024-05-16 12:17:54 -0400
Processing by Api::TeasController#show as JSON
  Parameters: {"id"=>"1"}
  [1m[36mTea Load (0.2ms)[0m  [1m[34mSELECT "teas".* FROM "teas" WHERE "teas"."id" = $1 LIMIT $2[0m  [["id", 1], ["LIMIT", 1]]
  â†³ app/controllers/api/teas_controller.rb:4:in `show'
  Rendering api/teas/show.json.jbuilder
  Rendered api/teas/_tea.json.jbuilder (Duration: 0.7ms | Allocations: 77)
  Rendered api/teas/show.json.jbuilder (Duration: 11.4ms | Allocations: 3785)
Completed 500 Internal Server Error in 34ms (ActiveRecord: 0.2ms | Allocations: 4726)



NoMethodError - undefined method `trasaction_ids' for #<Tea:0x00007fac14b2c150>
Did you mean?  transaction_ids
               transaction_ids=
               transactions:
  app/views/api/teas/show.json.jbuilder:5
  app/views/api/teas/show.json.jbuilder:3
  app/controllers/api/teas_controller.rb:6:in `show'

Started POST "/__better_errors/db505d24b124c596/variables" for ::1 at 2024-05-16 12:17:54 -0400
Started GET "/api/teas/1" for ::1 at 2024-05-16 12:18:09 -0400
Processing by Api::TeasController#show as JSON
  Parameters: {"id"=>"1"}
  [1m[36mTea Load (0.2ms)[0m  [1m[34mSELECT "teas".* FROM "teas" WHERE "teas"."id" = $1 LIMIT $2[0m  [["id", 1], ["LIMIT", 1]]
  â†³ app/controllers/api/teas_controller.rb:4:in `show'
  Rendering api/teas/show.json.jbuilder
  Rendered api/teas/_tea.json.jbuilder (Duration: 0.3ms | Allocations: 77)
  [1m[36mTransaction Pluck (0.3ms)[0m  [1m[34mSELECT "transactions"."id" FROM "transactions" WHERE "transactions"."tea_id" = $1[0m  [["tea_id", 1]]
  â†³ app/views/api/teas/show.json.jbuilder:5
  [1m[36mTransaction Load (0.3ms)[0m  [1m[34mSELECT "transactions".* FROM "transactions" WHERE "transactions"."tea_id" = $1[0m  [["tea_id", 1]]
  â†³ app/views/api/teas/show.json.jbuilder:10
  [1m[36mUser Load (0.2ms)[0m  [1m[34mSELECT "users".* FROM "users" WHERE "users"."id" = $1 LIMIT $2[0m  [["id", 2], ["LIMIT", 1]]
  â†³ app/views/api/teas/show.json.jbuilder:13
  [1m[36mUser Load (0.2ms)[0m  [1m[34mSELECT "users".* FROM "users" WHERE "users"."id" = $1 LIMIT $2[0m  [["id", 3], ["LIMIT", 1]]
  â†³ app/views/api/teas/show.json.jbuilder:13
  [1m[36mUser Load (0.3ms)[0m  [1m[34mSELECT "users".* FROM "users" WHERE "users"."id" = $1 LIMIT $2[0m  [["id", 4], ["LIMIT", 1]]
  â†³ app/views/api/teas/show.json.jbuilder:13
  [1m[36mCACHE User Load (0.0ms)[0m  [1m[34mSELECT "users".* FROM "users" WHERE "users"."id" = $1 LIMIT $2[0m  [["id", 3], ["LIMIT", 1]]
  â†³ app/views/api/teas/show.json.jbuilder:13
  Rendered api/teas/show.json.jbuilder (Duration: 10.5ms | Allocations: 4356)
Completed 200 OK in 13ms (Views: 10.4ms | ActiveRecord: 1.5ms | Allocations: 5314)


Started GET "/api/teas/2" for ::1 at 2024-05-16 12:18:22 -0400
Processing by Api::TeasController#show as JSON
  Parameters: {"id"=>"2"}
  [1m[36mTea Load (0.2ms)[0m  [1m[34mSELECT "teas".* FROM "teas" WHERE "teas"."id" = $1 LIMIT $2[0m  [["id", 2], ["LIMIT", 1]]
  â†³ app/controllers/api/teas_controller.rb:4:in `show'
  Rendering api/teas/show.json.jbuilder
  Rendered api/teas/_tea.json.jbuilder (Duration: 0.1ms | Allocations: 19)
  [1m[36mTransaction Pluck (0.3ms)[0m  [1m[34mSELECT "transactions"."id" FROM "transactions" WHERE "transactions"."tea_id" = $1[0m  [["tea_id", 2]]
  â†³ app/views/api/teas/show.json.jbuilder:5
  [1m[36mTransaction Load (0.2ms)[0m  [1m[34mSELECT "transactions".* FROM "transactions" WHERE "transactions"."tea_id" = $1[0m  [["tea_id", 2]]
  â†³ app/views/api/teas/show.json.jbuilder:10
  [1m[36mUser Load (0.3ms)[0m  [1m[34mSELECT "users".* FROM "users" WHERE "users"."id" = $1 LIMIT $2[0m  [["id", 1], ["LIMIT", 1]]
  â†³ app/views/api/teas/show.json.jbuilder:13
  [1m[36mUser Load (0.1ms)[0m  [1m[34mSELECT "users".* FROM "users" WHERE "users"."id" = $1 LIMIT $2[0m  [["id", 5], ["LIMIT", 1]]
  â†³ app/views/api/teas/show.json.jbuilder:13
  [1m[36mCACHE User Load (0.0ms)[0m  [1m[34mSELECT "users".* FROM "users" WHERE "users"."id" = $1 LIMIT $2[0m  [["id", 1], ["LIMIT", 1]]
  â†³ app/views/api/teas/show.json.jbuilder:13
  [1m[36mCACHE User Load (0.0ms)[0m  [1m[34mSELECT "users".* FROM "users" WHERE "users"."id" = $1 LIMIT $2[0m  [["id", 1], ["LIMIT", 1]]
  â†³ app/views/api/teas/show.json.jbuilder:13
  [1m[36mCACHE User Load (0.1ms)[0m  [1m[34mSELECT "users".* FROM "users" WHERE "users"."id" = $1 LIMIT $2[0m  [["id", 1], ["LIMIT", 1]]
  â†³ app/views/api/teas/show.json.jbuilder:13
  [1m[36mUser Load (0.2ms)[0m  [1m[34mSELECT "users".* FROM "users" WHERE "users"."id" = $1 LIMIT $2[0m  [["id", 6], ["LIMIT", 1]]
  â†³ app/views/api/teas/show.json.jbuilder:13
  Rendered api/teas/show.json.jbuilder (Duration: 16.6ms | Allocations: 5376)
Completed 200 OK in 19ms (Views: 15.7ms | ActiveRecord: 1.6ms | Allocations: 5983)


Started GET "/api/teas/3" for ::1 at 2024-05-16 12:18:27 -0400
Processing by Api::TeasController#show as JSON
  Parameters: {"id"=>"3"}
  [1m[36mTea Load (0.2ms)[0m  [1m[34mSELECT "teas".* FROM "teas" WHERE "teas"."id" = $1 LIMIT $2[0m  [["id", 3], ["LIMIT", 1]]
  â†³ app/controllers/api/teas_controller.rb:4:in `show'
  Rendering api/teas/show.json.jbuilder
  Rendered api/teas/_tea.json.jbuilder (Duration: 0.1ms | Allocations: 19)
  [1m[36mTransaction Pluck (0.5ms)[0m  [1m[34mSELECT "transactions"."id" FROM "transactions" WHERE "transactions"."tea_id" = $1[0m  [["tea_id", 3]]
  â†³ app/views/api/teas/show.json.jbuilder:5
  [1m[36mTransaction Load (0.3ms)[0m  [1m[34mSELECT "transactions".* FROM "transactions" WHERE "transactions"."tea_id" = $1[0m  [["tea_id", 3]]
  â†³ app/views/api/teas/show.json.jbuilder:10
  [1m[36mUser Load (0.4ms)[0m  [1m[34mSELECT "users".* FROM "users" WHERE "users"."id" = $1 LIMIT $2[0m  [["id", 6], ["LIMIT", 1]]
  â†³ app/views/api/teas/show.json.jbuilder:13
  [1m[36mUser Load (0.2ms)[0m  [1m[34mSELECT "users".* FROM "users" WHERE "users"."id" = $1 LIMIT $2[0m  [["id", 2], ["LIMIT", 1]]
  â†³ app/views/api/teas/show.json.jbuilder:13
  [1m[36mCACHE User Load (0.0ms)[0m  [1m[34mSELECT "users".* FROM "users" WHERE "users"."id" = $1 LIMIT $2[0m  [["id", 6], ["LIMIT", 1]]
  â†³ app/views/api/teas/show.json.jbuilder:13
  [1m[36mUser Load (0.4ms)[0m  [1m[34mSELECT "users".* FROM "users" WHERE "users"."id" = $1 LIMIT $2[0m  [["id", 7], ["LIMIT", 1]]
  â†³ app/views/api/teas/show.json.jbuilder:13
  [1m[36mUser Load (0.3ms)[0m  [1m[34mSELECT "users".* FROM "users" WHERE "users"."id" = $1 LIMIT $2[0m  [["id", 8], ["LIMIT", 1]]
  â†³ app/views/api/teas/show.json.jbuilder:13
  Rendered api/teas/show.json.jbuilder (Duration: 14.3ms | Allocations: 4794)
Completed 200 OK in 16ms (Views: 12.6ms | ActiveRecord: 2.3ms | Allocations: 5400)


Started GET "/api/teas/4" for ::1 at 2024-05-16 12:18:29 -0400
Processing by Api::TeasController#show as JSON
  Parameters: {"id"=>"4"}
  [1m[36mTea Load (0.2ms)[0m  [1m[34mSELECT "teas".* FROM "teas" WHERE "teas"."id" = $1 LIMIT $2[0m  [["id", 4], ["LIMIT", 1]]
  â†³ app/controllers/api/teas_controller.rb:4:in `show'
  Rendering api/teas/show.json.jbuilder
  Rendered api/teas/_tea.json.jbuilder (Duration: 0.2ms | Allocations: 19)
  [1m[36mTransaction Pluck (0.4ms)[0m  [1m[34mSELECT "transactions"."id" FROM "transactions" WHERE "transactions"."tea_id" = $1[0m  [["tea_id", 4]]
  â†³ app/views/api/teas/show.json.jbuilder:5
  [1m[36mTransaction Load (0.2ms)[0m  [1m[34mSELECT "transactions".* FROM "transactions" WHERE "transactions"."tea_id" = $1[0m  [["tea_id", 4]]
  â†³ app/views/api/teas/show.json.jbuilder:10
  [1m[36mUser Load (0.2ms)[0m  [1m[34mSELECT "users".* FROM "users" WHERE "users"."id" = $1 LIMIT $2[0m  [["id", 8], ["LIMIT", 1]]
  â†³ app/views/api/teas/show.json.jbuilder:13
  [1m[36mUser Load (0.3ms)[0m  [1m[34mSELECT "users".* FROM "users" WHERE "users"."id" = $1 LIMIT $2[0m  [["id", 7], ["LIMIT", 1]]
  â†³ app/views/api/teas/show.json.jbuilder:13
  [1m[36mCACHE User Load (0.0ms)[0m  [1m[34mSELECT "users".* FROM "users" WHERE "users"."id" = $1 LIMIT $2[0m  [["id", 8], ["LIMIT", 1]]
  â†³ app/views/api/teas/show.json.jbuilder:13
  [1m[36mUser Load (0.3ms)[0m  [1m[34mSELECT "users".* FROM "users" WHERE "users"."id" = $1 LIMIT $2[0m  [["id", 4], ["LIMIT", 1]]
  â†³ app/views/api/teas/show.json.jbuilder:13
  [1m[36mUser Load (0.2ms)[0m  [1m[34mSELECT "users".* FROM "users" WHERE "users"."id" = $1 LIMIT $2[0m  [["id", 5], ["LIMIT", 1]]
  â†³ app/views/api/teas/show.json.jbuilder:13
  Rendered api/teas/show.json.jbuilder (Duration: 12.7ms | Allocations: 4794)
Completed 200 OK in 15ms (Views: 11.7ms | ActiveRecord: 1.8ms | Allocations: 5399)


Started GET "/api/teas/5" for ::1 at 2024-05-16 12:18:31 -0400
Processing by Api::TeasController#show as JSON
  Parameters: {"id"=>"5"}
  [1m[36mTea Load (0.2ms)[0m  [1m[34mSELECT "teas".* FROM "teas" WHERE "teas"."id" = $1 LIMIT $2[0m  [["id", 5], ["LIMIT", 1]]
  â†³ app/controllers/api/teas_controller.rb:4:in `show'
  Rendering api/teas/show.json.jbuilder
  Rendered api/teas/_tea.json.jbuilder (Duration: 0.1ms | Allocations: 18)
  [1m[36mTransaction Pluck (0.3ms)[0m  [1m[34mSELECT "transactions"."id" FROM "transactions" WHERE "transactions"."tea_id" = $1[0m  [["tea_id", 5]]
  â†³ app/views/api/teas/show.json.jbuilder:5
  [1m[36mTransaction Load (0.2ms)[0m  [1m[34mSELECT "transactions".* FROM "transactions" WHERE "transactions"."tea_id" = $1[0m  [["tea_id", 5]]
  â†³ app/views/api/teas/show.json.jbuilder:10
  Rendered api/teas/show.json.jbuilder (Duration: 3.2ms | Allocations: 1320)
Completed 200 OK in 5ms (Views: 3.1ms | ActiveRecord: 0.7ms | Allocations: 1925)


Started GET "/api/teas/1" for ::1 at 2024-05-16 12:22:46 -0400
Processing by Api::TeasController#show as JSON
  Parameters: {"id"=>"1"}
  [1m[36mTea Load (0.2ms)[0m  [1m[34mSELECT "teas".* FROM "teas" WHERE "teas"."id" = $1 LIMIT $2[0m  [["id", 1], ["LIMIT", 1]]
  â†³ app/controllers/api/teas_controller.rb:4:in `show'
  Rendering api/teas/show.json.jbuilder
  Rendered api/teas/_tea.json.jbuilder (Duration: 0.1ms | Allocations: 19)
  [1m[36mTransaction Pluck (0.4ms)[0m  [1m[34mSELECT "transactions"."id" FROM "transactions" WHERE "transactions"."tea_id" = $1[0m  [["tea_id", 1]]
  â†³ app/views/api/teas/show.json.jbuilder:5
  [1m[36mTransaction Load (0.2ms)[0m  [1m[34mSELECT "transactions".* FROM "transactions" WHERE "transactions"."tea_id" = $1[0m  [["tea_id", 1]]
  â†³ app/views/api/teas/show.json.jbuilder:10
  [1m[36mUser Load (0.2ms)[0m  [1m[34mSELECT "users".* FROM "users" WHERE "users"."id" = $1 LIMIT $2[0m  [["id", 2], ["LIMIT", 1]]
  â†³ app/views/api/teas/show.json.jbuilder:13
  [1m[36mUser Load (0.2ms)[0m  [1m[34mSELECT "users".* FROM "users" WHERE "users"."id" = $1 LIMIT $2[0m  [["id", 3], ["LIMIT", 1]]
  â†³ app/views/api/teas/show.json.jbuilder:13
  [1m[36mUser Load (0.4ms)[0m  [1m[34mSELECT "users".* FROM "users" WHERE "users"."id" = $1 LIMIT $2[0m  [["id", 4], ["LIMIT", 1]]
  â†³ app/views/api/teas/show.json.jbuilder:13
  [1m[36mCACHE User Load (0.0ms)[0m  [1m[34mSELECT "users".* FROM "users" WHERE "users"."id" = $1 LIMIT $2[0m  [["id", 3], ["LIMIT", 1]]
  â†³ app/views/api/teas/show.json.jbuilder:13
  Rendered api/teas/show.json.jbuilder (Duration: 13.1ms | Allocations: 4085)
Completed 200 OK in 15ms (Views: 12.1ms | ActiveRecord: 1.7ms | Allocations: 4690)


Started GET "/api/teas/1" for ::1 at 2024-05-16 12:26:07 -0400
Processing by Api::TeasController#show as JSON
  Parameters: {"id"=>"1"}
  [1m[36mTea Load (0.2ms)[0m  [1m[34mSELECT "teas".* FROM "teas" WHERE "teas"."id" = $1 LIMIT $2[0m  [["id", 1], ["LIMIT", 1]]
  â†³ app/controllers/api/teas_controller.rb:4:in `show'
  Rendering api/teas/show.json.jbuilder
  Rendered api/teas/_tea.json.jbuilder (Duration: 1.2ms | Allocations: 77)
  [1m[36mTransaction Pluck (0.2ms)[0m  [1m[34mSELECT "transactions"."id" FROM "transactions" WHERE "transactions"."tea_id" = $1[0m  [["tea_id", 1]]
  â†³ app/views/api/teas/show.json.jbuilder:5
  [1m[36mTransaction Load (0.3ms)[0m  [1m[34mSELECT "transactions".* FROM "transactions" WHERE "transactions"."tea_id" = $1 /* loading for inspect */ LIMIT $2[0m  [["tea_id", 1], ["LIMIT", 11]]
  â†³ app/controllers/api/teas_controller.rb:6:in `show'
  Rendered api/teas/show.json.jbuilder (Duration: 12.1ms | Allocations: 5193)
Completed 500 Internal Server Error in 15ms (ActiveRecord: 0.8ms | Allocations: 6137)


  [1m[36mCACHE Transaction Load (0.0ms)[0m  [1m[34mSELECT "transactions".* FROM "transactions" WHERE "transactions"."tea_id" = $1 /* loading for inspect */ LIMIT $2[0m  [["tea_id", 1], ["LIMIT", 11]]
  [1m[36mCACHE Transaction Load (0.0ms)[0m  [1m[34mSELECT "transactions".* FROM "transactions" WHERE "transactions"."tea_id" = $1 /* loading for inspect */ LIMIT $2[0m  [["tea_id", 1], ["LIMIT", 11]]

NoMethodError - undefined method `inludes' for #<Transaction::ActiveRecord_Associations_CollectionProxy:0x00007fac14b87820>
Did you mean?  includes
               includes!
               include?:
  app/views/api/teas/show.json.jbuilder:8
  app/controllers/api/teas_controller.rb:6:in `show'

  [1m[36mCACHE Transaction Load (0.0ms)[0m  [1m[34mSELECT "transactions".* FROM "transactions" WHERE "transactions"."tea_id" = $1 /* loading for inspect */ LIMIT $2[0m  [["tea_id", 1], ["LIMIT", 11]]
  â†³ (eval):73:in `block in render_template'
  [1m[36mCACHE Transaction Load (0.0ms)[0m  [1m[34mSELECT "transactions".* FROM "transactions" WHERE "transactions"."tea_id" = $1 /* loading for inspect */ LIMIT $2[0m  [["tea_id", 1], ["LIMIT", 11]]
  â†³ (eval):73:in `block in render_template'
  [1m[36mCACHE Transaction Load (0.0ms)[0m  [1m[34mSELECT "transactions".* FROM "transactions" WHERE "transactions"."tea_id" = $1 /* loading for inspect */ LIMIT $2[0m  [["tea_id", 1], ["LIMIT", 11]]
  â†³ (eval):73:in `block in render_template'
Started POST "/__better_errors/29f6153917ea7092/variables" for ::1 at 2024-05-16 12:26:07 -0400
Started GET "/api/teas/1" for ::1 at 2024-05-16 12:26:19 -0400
Processing by Api::TeasController#show as JSON
  Parameters: {"id"=>"1"}
  [1m[36mTea Load (0.2ms)[0m  [1m[34mSELECT "teas".* FROM "teas" WHERE "teas"."id" = $1 LIMIT $2[0m  [["id", 1], ["LIMIT", 1]]
  â†³ app/controllers/api/teas_controller.rb:4:in `show'
  Rendering api/teas/show.json.jbuilder
  Rendered api/teas/_tea.json.jbuilder (Duration: 0.3ms | Allocations: 77)
  [1m[36mTransaction Pluck (0.3ms)[0m  [1m[34mSELECT "transactions"."id" FROM "transactions" WHERE "transactions"."tea_id" = $1[0m  [["tea_id", 1]]
  â†³ app/views/api/teas/show.json.jbuilder:5
  [1m[36mTransaction Load (0.3ms)[0m  [1m[34mSELECT "transactions".* FROM "transactions" WHERE "transactions"."tea_id" = $1[0m  [["tea_id", 1]]
  â†³ app/views/api/teas/show.json.jbuilder:11
  [1m[36mUser Load (0.7ms)[0m  [1m[34mSELECT "users".* FROM "users" WHERE "users"."id" IN ($1, $2, $3)[0m  [["id", 2], ["id", 3], ["id", 4]]
  â†³ app/views/api/teas/show.json.jbuilder:11
  Rendered api/teas/show.json.jbuilder (Duration: 19.1ms | Allocations: 4638)
Completed 200 OK in 22ms (Views: 19.0ms | ActiveRecord: 1.4ms | Allocations: 5593)


Started GET "/api/teas/1" for ::1 at 2024-05-16 12:26:41 -0400
Processing by Api::TeasController#show as JSON
  Parameters: {"id"=>"1"}
  [1m[36mTea Load (0.3ms)[0m  [1m[34mSELECT "teas".* FROM "teas" WHERE "teas"."id" = $1 LIMIT $2[0m  [["id", 1], ["LIMIT", 1]]
  â†³ app/controllers/api/teas_controller.rb:4:in `show'
  Rendering api/teas/show.json.jbuilder
  Rendered api/teas/_tea.json.jbuilder (Duration: 0.6ms | Allocations: 77)
  [1m[36mTransaction Pluck (0.3ms)[0m  [1m[34mSELECT "transactions"."id" FROM "transactions" WHERE "transactions"."tea_id" = $1[0m  [["tea_id", 1]]
  â†³ app/views/api/teas/show.json.jbuilder:5
  [1m[36mTransaction Load (0.6ms)[0m  [1m[34mSELECT "transactions".* FROM "transactions" WHERE "transactions"."tea_id" = $1[0m  [["tea_id", 1]]
  â†³ app/views/api/teas/show.json.jbuilder:11
  [1m[36mUser Load (0.2ms)[0m  [1m[34mSELECT "users".* FROM "users" WHERE "users"."id" = $1 LIMIT $2[0m  [["id", 2], ["LIMIT", 1]]
  â†³ app/views/api/teas/show.json.jbuilder:14
  [1m[36mUser Load (0.5ms)[0m  [1m[34mSELECT "users".* FROM "users" WHERE "users"."id" = $1 LIMIT $2[0m  [["id", 3], ["LIMIT", 1]]
  â†³ app/views/api/teas/show.json.jbuilder:14
  [1m[36mUser Load (0.3ms)[0m  [1m[34mSELECT "users".* FROM "users" WHERE "users"."id" = $1 LIMIT $2[0m  [["id", 4], ["LIMIT", 1]]
  â†³ app/views/api/teas/show.json.jbuilder:14
  [1m[36mCACHE User Load (0.0ms)[0m  [1m[34mSELECT "users".* FROM "users" WHERE "users"."id" = $1 LIMIT $2[0m  [["id", 3], ["LIMIT", 1]]
  â†³ app/views/api/teas/show.json.jbuilder:14
  Rendered api/teas/show.json.jbuilder (Duration: 14.8ms | Allocations: 4353)
Completed 200 OK in 19ms (Views: 14.5ms | ActiveRecord: 2.2ms | Allocations: 5311)


Started GET "/api/teas/2" for ::1 at 2024-05-16 12:26:48 -0400
Processing by Api::TeasController#show as JSON
  Parameters: {"id"=>"2"}
  [1m[36mTea Load (0.2ms)[0m  [1m[34mSELECT "teas".* FROM "teas" WHERE "teas"."id" = $1 LIMIT $2[0m  [["id", 2], ["LIMIT", 1]]
  â†³ app/controllers/api/teas_controller.rb:4:in `show'
  Rendering api/teas/show.json.jbuilder
  Rendered api/teas/_tea.json.jbuilder (Duration: 0.1ms | Allocations: 19)
  [1m[36mTransaction Pluck (0.2ms)[0m  [1m[34mSELECT "transactions"."id" FROM "transactions" WHERE "transactions"."tea_id" = $1[0m  [["tea_id", 2]]
  â†³ app/views/api/teas/show.json.jbuilder:5
  [1m[36mTransaction Load (0.5ms)[0m  [1m[34mSELECT "transactions".* FROM "transactions" WHERE "transactions"."tea_id" = $1[0m  [["tea_id", 2]]
  â†³ app/views/api/teas/show.json.jbuilder:11
  [1m[36mUser Load (0.5ms)[0m  [1m[34mSELECT "users".* FROM "users" WHERE "users"."id" = $1 LIMIT $2[0m  [["id", 1], ["LIMIT", 1]]
  â†³ app/views/api/teas/show.json.jbuilder:14
  [1m[36mUser Load (0.5ms)[0m  [1m[34mSELECT "users".* FROM "users" WHERE "users"."id" = $1 LIMIT $2[0m  [["id", 5], ["LIMIT", 1]]
  â†³ app/views/api/teas/show.json.jbuilder:14
  [1m[36mCACHE User Load (0.0ms)[0m  [1m[34mSELECT "users".* FROM "users" WHERE "users"."id" = $1 LIMIT $2[0m  [["id", 1], ["LIMIT", 1]]
  â†³ app/views/api/teas/show.json.jbuilder:14
  [1m[36mCACHE User Load (0.0ms)[0m  [1m[34mSELECT "users".* FROM "users" WHERE "users"."id" = $1 LIMIT $2[0m  [["id", 1], ["LIMIT", 1]]
  â†³ app/views/api/teas/show.json.jbuilder:14
  [1m[36mCACHE User Load (0.0ms)[0m  [1m[34mSELECT "users".* FROM "users" WHERE "users"."id" = $1 LIMIT $2[0m  [["id", 1], ["LIMIT", 1]]
  â†³ app/views/api/teas/show.json.jbuilder:14
  [1m[36mUser Load (0.3ms)[0m  [1m[34mSELECT "users".* FROM "users" WHERE "users"."id" = $1 LIMIT $2[0m  [["id", 6], ["LIMIT", 1]]
  â†³ app/views/api/teas/show.json.jbuilder:14
  Rendered api/teas/show.json.jbuilder (Duration: 21.3ms | Allocations: 5376)
Completed 200 OK in 24ms (Views: 19.5ms | ActiveRecord: 2.4ms | Allocations: 5983)


Started GET "/api/teas/2" for ::1 at 2024-05-16 12:27:05 -0400
Processing by Api::TeasController#show as JSON
  Parameters: {"id"=>"2"}
  [1m[36mTea Load (0.2ms)[0m  [1m[34mSELECT "teas".* FROM "teas" WHERE "teas"."id" = $1 LIMIT $2[0m  [["id", 2], ["LIMIT", 1]]
  â†³ app/controllers/api/teas_controller.rb:4:in `show'
  Rendering api/teas/show.json.jbuilder
  Rendered api/teas/_tea.json.jbuilder (Duration: 0.3ms | Allocations: 77)
  [1m[36mTransaction Pluck (0.2ms)[0m  [1m[34mSELECT "transactions"."id" FROM "transactions" WHERE "transactions"."tea_id" = $1[0m  [["tea_id", 2]]
  â†³ app/views/api/teas/show.json.jbuilder:5
  [1m[36mTransaction Load (0.2ms)[0m  [1m[34mSELECT "transactions".* FROM "transactions" WHERE "transactions"."tea_id" = $1[0m  [["tea_id", 2]]
  â†³ app/views/api/teas/show.json.jbuilder:11
  [1m[36mUser Load (0.7ms)[0m  [1m[34mSELECT "users".* FROM "users" WHERE "users"."id" IN ($1, $2, $3)[0m  [["id", 1], ["id", 5], ["id", 6]]
  â†³ app/views/api/teas/show.json.jbuilder:11
  Rendered api/teas/show.json.jbuilder (Duration: 8.8ms | Allocations: 2996)
Completed 200 OK in 11ms (Views: 8.9ms | ActiveRecord: 1.3ms | Allocations: 3954)


